CRITICAL - 2020-09-10 02:03:33 --> Invalid file: {0}
#0 D:\PROJEK\WEB\klinik\system\View\View.php(228): CodeIgniter\Exceptions\FrameworkException::forInvalidFile('frontend/index#...')
#1 D:\PROJEK\WEB\klinik\system\Common.php(1087): CodeIgniter\View\View->render('frontend/index#...', Array, true)
#2 D:\PROJEK\WEB\klinik\app\Controllers\Pasien.php(235): view('frontend/index#...', Array)
#3 D:\PROJEK\WEB\klinik\system\CodeIgniter.php(914): App\Controllers\Pasien->add()
#4 D:\PROJEK\WEB\klinik\system\CodeIgniter.php(400): CodeIgniter\CodeIgniter->runController(Object(App\Controllers\Pasien))
#5 D:\PROJEK\WEB\klinik\system\CodeIgniter.php(308): CodeIgniter\CodeIgniter->handleRequest(NULL, Object(Config\Cache), false)
#6 D:\PROJEK\WEB\klinik\public\index.php(45): CodeIgniter\CodeIgniter->run()
#7 D:\PROJEK\WEB\klinik\system\Commands\Server\rewrite.php(34): require_once('D:\\PROJEK\\WEB\\k...')
#8 {main}
CRITICAL - 2020-09-10 02:04:16 --> Invalid file: {0}
#0 D:\PROJEK\WEB\klinik\system\View\View.php(228): CodeIgniter\Exceptions\FrameworkException::forInvalidFile('frontend/index/...')
#1 D:\PROJEK\WEB\klinik\system\Common.php(1087): CodeIgniter\View\View->render('frontend/index/...', Array, true)
#2 D:\PROJEK\WEB\klinik\app\Controllers\Pasien.php(235): view('frontend/index/...', Array)
#3 D:\PROJEK\WEB\klinik\system\CodeIgniter.php(914): App\Controllers\Pasien->add()
#4 D:\PROJEK\WEB\klinik\system\CodeIgniter.php(400): CodeIgniter\CodeIgniter->runController(Object(App\Controllers\Pasien))
#5 D:\PROJEK\WEB\klinik\system\CodeIgniter.php(308): CodeIgniter\CodeIgniter->handleRequest(NULL, Object(Config\Cache), false)
#6 D:\PROJEK\WEB\klinik\public\index.php(45): CodeIgniter\CodeIgniter->run()
#7 D:\PROJEK\WEB\klinik\system\Commands\Server\rewrite.php(34): require_once('D:\\PROJEK\\WEB\\k...')
#8 {main}
CRITICAL - 2020-09-10 02:32:29 --> Undefined variable: title
#0 D:\PROJEK\WEB\klinik\app\Views\template\admin_temp.php(28): CodeIgniter\Debug\Exceptions->errorHandler(8, 'Undefined varia...', 'D:\\PROJEK\\WEB\\k...', 28, Array)
#1 D:\PROJEK\WEB\klinik\system\View\View.php(246): include('D:\\PROJEK\\WEB\\k...')
#2 D:\PROJEK\WEB\klinik\system\View\View.php(257): CodeIgniter\View\View->render('template/admin_...', Array, true)
#3 D:\PROJEK\WEB\klinik\system\Common.php(1087): CodeIgniter\View\View->render('backend/pendaft...', Array, true)
#4 D:\PROJEK\WEB\klinik\app\Controllers\Pendaftar.php(15): view('backend/pendaft...')
#5 D:\PROJEK\WEB\klinik\system\CodeIgniter.php(914): App\Controllers\Pendaftar->index()
#6 D:\PROJEK\WEB\klinik\system\CodeIgniter.php(400): CodeIgniter\CodeIgniter->runController(Object(App\Controllers\Pendaftar))
#7 D:\PROJEK\WEB\klinik\system\CodeIgniter.php(308): CodeIgniter\CodeIgniter->handleRequest(NULL, Object(Config\Cache), false)
#8 D:\PROJEK\WEB\klinik\public\index.php(45): CodeIgniter\CodeIgniter->run()
#9 D:\PROJEK\WEB\klinik\system\Commands\Server\rewrite.php(34): require_once('D:\\PROJEK\\WEB\\k...')
#10 {main}
CRITICAL - 2020-09-10 02:33:07 --> Array to string conversion
#0 D:\PROJEK\WEB\klinik\app\Controllers\Pendaftar.php(19): CodeIgniter\Debug\Exceptions->errorHandler(8, 'Array to string...', 'D:\\PROJEK\\WEB\\k...', 19, Array)
#1 D:\PROJEK\WEB\klinik\system\CodeIgniter.php(914): App\Controllers\Pendaftar->index()
#2 D:\PROJEK\WEB\klinik\system\CodeIgniter.php(400): CodeIgniter\CodeIgniter->runController(Object(App\Controllers\Pendaftar))
#3 D:\PROJEK\WEB\klinik\system\CodeIgniter.php(308): CodeIgniter\CodeIgniter->handleRequest(NULL, Object(Config\Cache), false)
#4 D:\PROJEK\WEB\klinik\public\index.php(45): CodeIgniter\CodeIgniter->run()
#5 D:\PROJEK\WEB\klinik\system\Commands\Server\rewrite.php(34): require_once('D:\\PROJEK\\WEB\\k...')
#6 {main}
CRITICAL - 2020-09-10 03:27:17 --> Unknown column 'paket.layanan' in 'field list'
#0 D:\PROJEK\WEB\klinik\system\Database\MySQLi\Connection.php(331): mysqli->query('SELECT `pasien`...')
#1 D:\PROJEK\WEB\klinik\system\Database\BaseConnection.php(738): CodeIgniter\Database\MySQLi\Connection->execute('SELECT `pasien`...')
#2 D:\PROJEK\WEB\klinik\system\Database\BaseConnection.php(666): CodeIgniter\Database\BaseConnection->simpleQuery('SELECT `pasien`...')
#3 D:\PROJEK\WEB\klinik\app\Controllers\Pendaftar.php(9): CodeIgniter\Database\BaseConnection->query('SELECT `pasien`...')
#4 D:\PROJEK\WEB\klinik\system\CodeIgniter.php(914): App\Controllers\Pendaftar->index()
#5 D:\PROJEK\WEB\klinik\system\CodeIgniter.php(400): CodeIgniter\CodeIgniter->runController(Object(App\Controllers\Pendaftar))
#6 D:\PROJEK\WEB\klinik\system\CodeIgniter.php(308): CodeIgniter\CodeIgniter->handleRequest(NULL, Object(Config\Cache), false)
#7 D:\PROJEK\WEB\klinik\public\index.php(45): CodeIgniter\CodeIgniter->run()
#8 D:\PROJEK\WEB\klinik\system\Commands\Server\rewrite.php(34): require_once('D:\\PROJEK\\WEB\\k...')
#9 {main}
CRITICAL - 2020-09-10 03:28:20 --> Undefined index: tgl-booking
#0 D:\PROJEK\WEB\klinik\app\Views\backend\pendaftar.php(24): CodeIgniter\Debug\Exceptions->errorHandler(8, 'Undefined index...', 'D:\\PROJEK\\WEB\\k...', 24, Array)
#1 D:\PROJEK\WEB\klinik\system\View\View.php(246): include('D:\\PROJEK\\WEB\\k...')
#2 D:\PROJEK\WEB\klinik\system\Common.php(1087): CodeIgniter\View\View->render('backend/pendaft...', Array, true)
#3 D:\PROJEK\WEB\klinik\app\Controllers\Pendaftar.php(23): view('backend/pendaft...', Array)
#4 D:\PROJEK\WEB\klinik\system\CodeIgniter.php(914): App\Controllers\Pendaftar->index()
#5 D:\PROJEK\WEB\klinik\system\CodeIgniter.php(400): CodeIgniter\CodeIgniter->runController(Object(App\Controllers\Pendaftar))
#6 D:\PROJEK\WEB\klinik\system\CodeIgniter.php(308): CodeIgniter\CodeIgniter->handleRequest(NULL, Object(Config\Cache), false)
#7 D:\PROJEK\WEB\klinik\public\index.php(45): CodeIgniter\CodeIgniter->run()
#8 D:\PROJEK\WEB\klinik\system\Commands\Server\rewrite.php(34): require_once('D:\\PROJEK\\WEB\\k...')
#9 {main}
CRITICAL - 2020-09-10 03:28:39 --> Undefined variable: r
#0 D:\PROJEK\WEB\klinik\app\Views\backend\pendaftar.php(31): CodeIgniter\Debug\Exceptions->errorHandler(8, 'Undefined varia...', 'D:\\PROJEK\\WEB\\k...', 31, Array)
#1 D:\PROJEK\WEB\klinik\system\View\View.php(246): include('D:\\PROJEK\\WEB\\k...')
#2 D:\PROJEK\WEB\klinik\system\Common.php(1087): CodeIgniter\View\View->render('backend/pendaft...', Array, true)
#3 D:\PROJEK\WEB\klinik\app\Controllers\Pendaftar.php(23): view('backend/pendaft...', Array)
#4 D:\PROJEK\WEB\klinik\system\CodeIgniter.php(914): App\Controllers\Pendaftar->index()
#5 D:\PROJEK\WEB\klinik\system\CodeIgniter.php(400): CodeIgniter\CodeIgniter->runController(Object(App\Controllers\Pendaftar))
#6 D:\PROJEK\WEB\klinik\system\CodeIgniter.php(308): CodeIgniter\CodeIgniter->handleRequest(NULL, Object(Config\Cache), false)
#7 D:\PROJEK\WEB\klinik\public\index.php(45): CodeIgniter\CodeIgniter->run()
#8 D:\PROJEK\WEB\klinik\system\Commands\Server\rewrite.php(34): require_once('D:\\PROJEK\\WEB\\k...')
#9 {main}
CRITICAL - 2020-09-10 04:46:52 --> Trying to access array offset on value of type null
#0 D:\PROJEK\WEB\klinik\app\Controllers\Pendaftar.php(49): CodeIgniter\Debug\Exceptions->errorHandler(8, 'Trying to acces...', 'D:\\PROJEK\\WEB\\k...', 49, Array)
#1 D:\PROJEK\WEB\klinik\system\CodeIgniter.php(914): App\Controllers\Pendaftar->delete('11')
#2 D:\PROJEK\WEB\klinik\system\CodeIgniter.php(400): CodeIgniter\CodeIgniter->runController(Object(App\Controllers\Pendaftar))
#3 D:\PROJEK\WEB\klinik\system\CodeIgniter.php(308): CodeIgniter\CodeIgniter->handleRequest(NULL, Object(Config\Cache), false)
#4 D:\PROJEK\WEB\klinik\public\index.php(45): CodeIgniter\CodeIgniter->run()
#5 D:\PROJEK\WEB\klinik\system\Commands\Server\rewrite.php(34): require_once('D:\\PROJEK\\WEB\\k...')
#6 {main}
CRITICAL - 2020-09-10 19:04:20 --> Cannot add or update a child row: a foreign key constraint fails (`klinik`.`pasien`, CONSTRAINT `pasien_ibfk_6` FOREIGN KEY (`id_paket`) REFERENCES `penanggung_jawab` (`id`) ON DELETE CASCADE ON UPDATE CASCADE)
#0 D:\PROJEK\WEB\klinik\system\Database\MySQLi\Connection.php(331): mysqli->query('INSERT INTO `pa...')
#1 D:\PROJEK\WEB\klinik\system\Database\BaseConnection.php(738): CodeIgniter\Database\MySQLi\Connection->execute('INSERT INTO `pa...')
#2 D:\PROJEK\WEB\klinik\system\Database\BaseConnection.php(666): CodeIgniter\Database\BaseConnection->simpleQuery('INSERT INTO `pa...')
#3 D:\PROJEK\WEB\klinik\system\Database\BaseBuilder.php(2234): CodeIgniter\Database\BaseConnection->query('INSERT INTO `pa...', Array, false)
#4 D:\PROJEK\WEB\klinik\system\Model.php(729): CodeIgniter\Database\BaseBuilder->insert()
#5 D:\PROJEK\WEB\klinik\system\Model.php(557): CodeIgniter\Model->insert(Array, false)
#6 D:\PROJEK\WEB\klinik\app\Controllers\Pasien.php(277): CodeIgniter\Model->save(Array)
#7 D:\PROJEK\WEB\klinik\app\Controllers\Pasien.php(237): App\Controllers\Pasien->addPasien()
#8 D:\PROJEK\WEB\klinik\system\CodeIgniter.php(914): App\Controllers\Pasien->add()
#9 D:\PROJEK\WEB\klinik\system\CodeIgniter.php(400): CodeIgniter\CodeIgniter->runController(Object(App\Controllers\Pasien))
#10 D:\PROJEK\WEB\klinik\system\CodeIgniter.php(308): CodeIgniter\CodeIgniter->handleRequest(NULL, Object(Config\Cache), false)
#11 D:\PROJEK\WEB\klinik\public\index.php(45): CodeIgniter\CodeIgniter->run()
#12 D:\PROJEK\WEB\klinik\system\Commands\Server\rewrite.php(34): require_once('D:\\PROJEK\\WEB\\k...')
#13 {main}
CRITICAL - 2020-09-10 19:08:04 --> Cannot add or update a child row: a foreign key constraint fails (`klinik`.`pasien`, CONSTRAINT `pasien_ibfk_6` FOREIGN KEY (`id_paket`) REFERENCES `penanggung_jawab` (`id`) ON DELETE CASCADE ON UPDATE CASCADE)
#0 D:\PROJEK\WEB\klinik\system\Database\MySQLi\Connection.php(331): mysqli->query('INSERT INTO `pa...')
#1 D:\PROJEK\WEB\klinik\system\Database\BaseConnection.php(738): CodeIgniter\Database\MySQLi\Connection->execute('INSERT INTO `pa...')
#2 D:\PROJEK\WEB\klinik\system\Database\BaseConnection.php(666): CodeIgniter\Database\BaseConnection->simpleQuery('INSERT INTO `pa...')
#3 D:\PROJEK\WEB\klinik\system\Database\BaseBuilder.php(2234): CodeIgniter\Database\BaseConnection->query('INSERT INTO `pa...', Array, false)
#4 D:\PROJEK\WEB\klinik\system\Model.php(729): CodeIgniter\Database\BaseBuilder->insert()
#5 D:\PROJEK\WEB\klinik\system\Model.php(557): CodeIgniter\Model->insert(Array, false)
#6 D:\PROJEK\WEB\klinik\app\Controllers\Pasien.php(277): CodeIgniter\Model->save(Array)
#7 D:\PROJEK\WEB\klinik\app\Controllers\Pasien.php(237): App\Controllers\Pasien->addPasien()
#8 D:\PROJEK\WEB\klinik\system\CodeIgniter.php(914): App\Controllers\Pasien->add()
#9 D:\PROJEK\WEB\klinik\system\CodeIgniter.php(400): CodeIgniter\CodeIgniter->runController(Object(App\Controllers\Pasien))
#10 D:\PROJEK\WEB\klinik\system\CodeIgniter.php(308): CodeIgniter\CodeIgniter->handleRequest(NULL, Object(Config\Cache), false)
#11 D:\PROJEK\WEB\klinik\public\index.php(45): CodeIgniter\CodeIgniter->run()
#12 D:\PROJEK\WEB\klinik\system\Commands\Server\rewrite.php(34): require_once('D:\\PROJEK\\WEB\\k...')
#13 {main}
CRITICAL - 2020-09-10 19:12:52 --> Cannot add or update a child row: a foreign key constraint fails (`klinik`.`pasien`, CONSTRAINT `pasien_ibfk_6` FOREIGN KEY (`id_paket`) REFERENCES `penanggung_jawab` (`id`) ON DELETE CASCADE ON UPDATE CASCADE)
#0 D:\PROJEK\WEB\klinik\system\Database\MySQLi\Connection.php(331): mysqli->query('INSERT INTO `pa...')
#1 D:\PROJEK\WEB\klinik\system\Database\BaseConnection.php(738): CodeIgniter\Database\MySQLi\Connection->execute('INSERT INTO `pa...')
#2 D:\PROJEK\WEB\klinik\system\Database\BaseConnection.php(666): CodeIgniter\Database\BaseConnection->simpleQuery('INSERT INTO `pa...')
#3 D:\PROJEK\WEB\klinik\system\Database\BaseBuilder.php(2234): CodeIgniter\Database\BaseConnection->query('INSERT INTO `pa...', Array, false)
#4 D:\PROJEK\WEB\klinik\system\Model.php(729): CodeIgniter\Database\BaseBuilder->insert()
#5 D:\PROJEK\WEB\klinik\system\Model.php(557): CodeIgniter\Model->insert(Array, false)
#6 D:\PROJEK\WEB\klinik\app\Controllers\Pasien.php(277): CodeIgniter\Model->save(Array)
#7 D:\PROJEK\WEB\klinik\app\Controllers\Pasien.php(237): App\Controllers\Pasien->addPasien()
#8 D:\PROJEK\WEB\klinik\system\CodeIgniter.php(914): App\Controllers\Pasien->add()
#9 D:\PROJEK\WEB\klinik\system\CodeIgniter.php(400): CodeIgniter\CodeIgniter->runController(Object(App\Controllers\Pasien))
#10 D:\PROJEK\WEB\klinik\system\CodeIgniter.php(308): CodeIgniter\CodeIgniter->handleRequest(NULL, Object(Config\Cache), false)
#11 D:\PROJEK\WEB\klinik\public\index.php(45): CodeIgniter\CodeIgniter->run()
#12 D:\PROJEK\WEB\klinik\system\Commands\Server\rewrite.php(34): require_once('D:\\PROJEK\\WEB\\k...')
#13 {main}
CRITICAL - 2020-09-10 19:15:44 --> Call to undefined method App\Models\PjModel::add
#0 D:\PROJEK\WEB\klinik\app\Controllers\Pasien.php(304): CodeIgniter\Model->__call('add', Array)
#1 D:\PROJEK\WEB\klinik\app\Controllers\Pasien.php(265): App\Controllers\Pasien->addPj()
#2 D:\PROJEK\WEB\klinik\app\Controllers\Pasien.php(237): App\Controllers\Pasien->addPasien()
#3 D:\PROJEK\WEB\klinik\system\CodeIgniter.php(914): App\Controllers\Pasien->add()
#4 D:\PROJEK\WEB\klinik\system\CodeIgniter.php(400): CodeIgniter\CodeIgniter->runController(Object(App\Controllers\Pasien))
#5 D:\PROJEK\WEB\klinik\system\CodeIgniter.php(308): CodeIgniter\CodeIgniter->handleRequest(NULL, Object(Config\Cache), false)
#6 D:\PROJEK\WEB\klinik\public\index.php(45): CodeIgniter\CodeIgniter->run()
#7 D:\PROJEK\WEB\klinik\system\Commands\Server\rewrite.php(34): require_once('D:\\PROJEK\\WEB\\k...')
#8 {main}
CRITICAL - 2020-09-10 19:16:02 --> Cannot add or update a child row: a foreign key constraint fails (`klinik`.`pasien`, CONSTRAINT `pasien_ibfk_6` FOREIGN KEY (`id_paket`) REFERENCES `penanggung_jawab` (`id`) ON DELETE CASCADE ON UPDATE CASCADE)
#0 D:\PROJEK\WEB\klinik\system\Database\MySQLi\Connection.php(331): mysqli->query('INSERT INTO `pa...')
#1 D:\PROJEK\WEB\klinik\system\Database\BaseConnection.php(738): CodeIgniter\Database\MySQLi\Connection->execute('INSERT INTO `pa...')
#2 D:\PROJEK\WEB\klinik\system\Database\BaseConnection.php(666): CodeIgniter\Database\BaseConnection->simpleQuery('INSERT INTO `pa...')
#3 D:\PROJEK\WEB\klinik\system\Database\BaseBuilder.php(2234): CodeIgniter\Database\BaseConnection->query('INSERT INTO `pa...', Array, false)
#4 D:\PROJEK\WEB\klinik\system\Model.php(729): CodeIgniter\Database\BaseBuilder->insert()
#5 D:\PROJEK\WEB\klinik\system\Model.php(557): CodeIgniter\Model->insert(Array, false)
#6 D:\PROJEK\WEB\klinik\app\Controllers\Pasien.php(277): CodeIgniter\Model->save(Array)
#7 D:\PROJEK\WEB\klinik\app\Controllers\Pasien.php(237): App\Controllers\Pasien->addPasien()
#8 D:\PROJEK\WEB\klinik\system\CodeIgniter.php(914): App\Controllers\Pasien->add()
#9 D:\PROJEK\WEB\klinik\system\CodeIgniter.php(400): CodeIgniter\CodeIgniter->runController(Object(App\Controllers\Pasien))
#10 D:\PROJEK\WEB\klinik\system\CodeIgniter.php(308): CodeIgniter\CodeIgniter->handleRequest(NULL, Object(Config\Cache), false)
#11 D:\PROJEK\WEB\klinik\public\index.php(45): CodeIgniter\CodeIgniter->run()
#12 D:\PROJEK\WEB\klinik\system\Commands\Server\rewrite.php(34): require_once('D:\\PROJEK\\WEB\\k...')
#13 {main}
CRITICAL - 2020-09-10 19:55:03 --> Undefined variable: p
#0 D:\PROJEK\WEB\klinik\app\Views\frontend\index.php(444): CodeIgniter\Debug\Exceptions->errorHandler(8, 'Undefined varia...', 'D:\\PROJEK\\WEB\\k...', 444, Array)
#1 D:\PROJEK\WEB\klinik\system\View\View.php(246): include('D:\\PROJEK\\WEB\\k...')
#2 D:\PROJEK\WEB\klinik\system\Common.php(1087): CodeIgniter\View\View->render('frontend/index', Array, true)
#3 D:\PROJEK\WEB\klinik\app\Controllers\Home.php(23): view('frontend/index', Array)
#4 D:\PROJEK\WEB\klinik\system\CodeIgniter.php(914): App\Controllers\Home->index()
#5 D:\PROJEK\WEB\klinik\system\CodeIgniter.php(400): CodeIgniter\CodeIgniter->runController(Object(App\Controllers\Home))
#6 D:\PROJEK\WEB\klinik\system\CodeIgniter.php(308): CodeIgniter\CodeIgniter->handleRequest(NULL, Object(Config\Cache), false)
#7 D:\PROJEK\WEB\klinik\public\index.php(45): CodeIgniter\CodeIgniter->run()
#8 D:\PROJEK\WEB\klinik\system\Commands\Server\rewrite.php(34): require_once('D:\\PROJEK\\WEB\\k...')
#9 {main}
CRITICAL - 2020-09-10 23:58:27 --> You have an error in your SQL syntax; check the manual that corresponds to your MariaDB server version for the right syntax to use near 'FROM `pasien` 
        JOIN  `status` on `pasien`.`id_status` = `status`.`id`
' at line 7
#0 D:\PROJEK\WEB\klinik\system\Database\MySQLi\Connection.php(331): mysqli->query('SELECT \r\n      ...')
#1 D:\PROJEK\WEB\klinik\system\Database\BaseConnection.php(738): CodeIgniter\Database\MySQLi\Connection->execute('SELECT \r\n      ...')
#2 D:\PROJEK\WEB\klinik\system\Database\BaseConnection.php(666): CodeIgniter\Database\BaseConnection->simpleQuery('SELECT \r\n      ...')
#3 D:\PROJEK\WEB\klinik\app\Controllers\Pendaftar.php(27): CodeIgniter\Database\BaseConnection->query('SELECT \r\n      ...')
#4 D:\PROJEK\WEB\klinik\app\Controllers\Pendaftar.php(20): App\Controllers\Pendaftar->getData()
#5 D:\PROJEK\WEB\klinik\system\CodeIgniter.php(914): App\Controllers\Pendaftar->index()
#6 D:\PROJEK\WEB\klinik\system\CodeIgniter.php(400): CodeIgniter\CodeIgniter->runController(Object(App\Controllers\Pendaftar))
#7 D:\PROJEK\WEB\klinik\system\CodeIgniter.php(308): CodeIgniter\CodeIgniter->handleRequest(NULL, Object(Config\Cache), false)
#8 D:\PROJEK\WEB\klinik\public\index.php(45): CodeIgniter\CodeIgniter->run()
#9 D:\PROJEK\WEB\klinik\system\Commands\Server\rewrite.php(34): require_once('D:\\PROJEK\\WEB\\k...')
#10 {main}
