CRITICAL - 2020-09-08 02:06:15 --> Trying to access array offset on value of type null
#0 D:\PROJEK\WEB\klinik\app\Views\template\admin_temp.php(76): CodeIgniter\Debug\Exceptions->errorHandler(8, 'Trying to acces...', 'D:\\PROJEK\\WEB\\k...', 76, Array)
#1 D:\PROJEK\WEB\klinik\system\View\View.php(246): include('D:\\PROJEK\\WEB\\k...')
#2 D:\PROJEK\WEB\klinik\system\View\View.php(257): CodeIgniter\View\View->render('template/admin_...', Array, true)
#3 D:\PROJEK\WEB\klinik\system\Common.php(1087): CodeIgniter\View\View->render('/backend/instan...', Array, true)
#4 D:\PROJEK\WEB\klinik\app\Controllers\Instansi.php(78): view('/backend/instan...', Array)
#5 D:\PROJEK\WEB\klinik\system\CodeIgniter.php(914): App\Controllers\Instansi->index()
#6 D:\PROJEK\WEB\klinik\system\CodeIgniter.php(400): CodeIgniter\CodeIgniter->runController(Object(App\Controllers\Instansi))
#7 D:\PROJEK\WEB\klinik\system\CodeIgniter.php(308): CodeIgniter\CodeIgniter->handleRequest(NULL, Object(Config\Cache), false)
#8 D:\PROJEK\WEB\klinik\public\index.php(45): CodeIgniter\CodeIgniter->run()
#9 D:\PROJEK\WEB\klinik\system\Commands\Server\rewrite.php(34): require_once('D:\\PROJEK\\WEB\\k...')
#10 {main}
CRITICAL - 2020-09-08 02:06:21 --> Trying to access array offset on value of type null
#0 D:\PROJEK\WEB\klinik\app\Views\template\admin_temp.php(76): CodeIgniter\Debug\Exceptions->errorHandler(8, 'Trying to acces...', 'D:\\PROJEK\\WEB\\k...', 76, Array)
#1 D:\PROJEK\WEB\klinik\system\View\View.php(246): include('D:\\PROJEK\\WEB\\k...')
#2 D:\PROJEK\WEB\klinik\system\View\View.php(257): CodeIgniter\View\View->render('template/admin_...', Array, true)
#3 D:\PROJEK\WEB\klinik\system\Common.php(1087): CodeIgniter\View\View->render('/backend/instan...', Array, true)
#4 D:\PROJEK\WEB\klinik\app\Controllers\Instansi.php(78): view('/backend/instan...', Array)
#5 D:\PROJEK\WEB\klinik\system\CodeIgniter.php(914): App\Controllers\Instansi->index()
#6 D:\PROJEK\WEB\klinik\system\CodeIgniter.php(400): CodeIgniter\CodeIgniter->runController(Object(App\Controllers\Instansi))
#7 D:\PROJEK\WEB\klinik\system\CodeIgniter.php(308): CodeIgniter\CodeIgniter->handleRequest(NULL, Object(Config\Cache), false)
#8 D:\PROJEK\WEB\klinik\public\index.php(45): CodeIgniter\CodeIgniter->run()
#9 D:\PROJEK\WEB\klinik\system\Commands\Server\rewrite.php(34): require_once('D:\\PROJEK\\WEB\\k...')
#10 {main}
CRITICAL - 2020-09-08 02:06:23 --> Trying to access array offset on value of type null
#0 D:\PROJEK\WEB\klinik\app\Views\template\admin_temp.php(76): CodeIgniter\Debug\Exceptions->errorHandler(8, 'Trying to acces...', 'D:\\PROJEK\\WEB\\k...', 76, Array)
#1 D:\PROJEK\WEB\klinik\system\View\View.php(246): include('D:\\PROJEK\\WEB\\k...')
#2 D:\PROJEK\WEB\klinik\system\View\View.php(257): CodeIgniter\View\View->render('template/admin_...', Array, true)
#3 D:\PROJEK\WEB\klinik\system\Common.php(1087): CodeIgniter\View\View->render('/backend/instan...', Array, true)
#4 D:\PROJEK\WEB\klinik\app\Controllers\Instansi.php(78): view('/backend/instan...', Array)
#5 D:\PROJEK\WEB\klinik\system\CodeIgniter.php(914): App\Controllers\Instansi->index()
#6 D:\PROJEK\WEB\klinik\system\CodeIgniter.php(400): CodeIgniter\CodeIgniter->runController(Object(App\Controllers\Instansi))
#7 D:\PROJEK\WEB\klinik\system\CodeIgniter.php(308): CodeIgniter\CodeIgniter->handleRequest(NULL, Object(Config\Cache), false)
#8 D:\PROJEK\WEB\klinik\public\index.php(45): CodeIgniter\CodeIgniter->run()
#9 D:\PROJEK\WEB\klinik\system\Commands\Server\rewrite.php(34): require_once('D:\\PROJEK\\WEB\\k...')
#10 {main}
CRITICAL - 2020-09-08 02:08:58 --> Trying to access array offset on value of type null
#0 D:\PROJEK\WEB\klinik\app\Views\template\admin_temp.php(76): CodeIgniter\Debug\Exceptions->errorHandler(8, 'Trying to acces...', 'D:\\PROJEK\\WEB\\k...', 76, Array)
#1 D:\PROJEK\WEB\klinik\system\View\View.php(246): include('D:\\PROJEK\\WEB\\k...')
#2 D:\PROJEK\WEB\klinik\system\View\View.php(257): CodeIgniter\View\View->render('template/admin_...', Array, true)
#3 D:\PROJEK\WEB\klinik\system\Common.php(1087): CodeIgniter\View\View->render('/backend/instan...', Array, true)
#4 D:\PROJEK\WEB\klinik\app\Controllers\Instansi.php(78): view('/backend/instan...', Array)
#5 D:\PROJEK\WEB\klinik\system\CodeIgniter.php(914): App\Controllers\Instansi->index()
#6 D:\PROJEK\WEB\klinik\system\CodeIgniter.php(400): CodeIgniter\CodeIgniter->runController(Object(App\Controllers\Instansi))
#7 D:\PROJEK\WEB\klinik\system\CodeIgniter.php(308): CodeIgniter\CodeIgniter->handleRequest(NULL, Object(Config\Cache), false)
#8 D:\PROJEK\WEB\klinik\public\index.php(45): CodeIgniter\CodeIgniter->run()
#9 D:\PROJEK\WEB\klinik\system\Commands\Server\rewrite.php(34): require_once('D:\\PROJEK\\WEB\\k...')
#10 {main}
CRITICAL - 2020-09-08 02:09:51 --> syntax error, unexpected 'echo' (T_ECHO)
#0 D:\PROJEK\WEB\klinik\system\View\View.php(257): CodeIgniter\View\View->render('template/admin_...', Array, true)
#1 D:\PROJEK\WEB\klinik\system\Common.php(1087): CodeIgniter\View\View->render('/backend/instan...', Array, true)
#2 D:\PROJEK\WEB\klinik\app\Controllers\Instansi.php(78): view('/backend/instan...', Array)
#3 D:\PROJEK\WEB\klinik\system\CodeIgniter.php(914): App\Controllers\Instansi->index()
#4 D:\PROJEK\WEB\klinik\system\CodeIgniter.php(400): CodeIgniter\CodeIgniter->runController(Object(App\Controllers\Instansi))
#5 D:\PROJEK\WEB\klinik\system\CodeIgniter.php(308): CodeIgniter\CodeIgniter->handleRequest(NULL, Object(Config\Cache), false)
#6 D:\PROJEK\WEB\klinik\public\index.php(45): CodeIgniter\CodeIgniter->run()
#7 D:\PROJEK\WEB\klinik\system\Commands\Server\rewrite.php(34): require_once('D:\\PROJEK\\WEB\\k...')
#8 {main}
CRITICAL - 2020-09-08 02:10:40 --> Trying to access array offset on value of type null
#0 D:\PROJEK\WEB\klinik\app\Views\template\admin_temp.php(76): CodeIgniter\Debug\Exceptions->errorHandler(8, 'Trying to acces...', 'D:\\PROJEK\\WEB\\k...', 76, Array)
#1 D:\PROJEK\WEB\klinik\system\View\View.php(246): include('D:\\PROJEK\\WEB\\k...')
#2 D:\PROJEK\WEB\klinik\system\View\View.php(257): CodeIgniter\View\View->render('template/admin_...', Array, true)
#3 D:\PROJEK\WEB\klinik\system\Common.php(1087): CodeIgniter\View\View->render('/backend/instan...', Array, true)
#4 D:\PROJEK\WEB\klinik\app\Controllers\Instansi.php(78): view('/backend/instan...', Array)
#5 D:\PROJEK\WEB\klinik\system\CodeIgniter.php(914): App\Controllers\Instansi->index()
#6 D:\PROJEK\WEB\klinik\system\CodeIgniter.php(400): CodeIgniter\CodeIgniter->runController(Object(App\Controllers\Instansi))
#7 D:\PROJEK\WEB\klinik\system\CodeIgniter.php(308): CodeIgniter\CodeIgniter->handleRequest(NULL, Object(Config\Cache), false)
#8 D:\PROJEK\WEB\klinik\public\index.php(45): CodeIgniter\CodeIgniter->run()
#9 D:\PROJEK\WEB\klinik\system\Commands\Server\rewrite.php(34): require_once('D:\\PROJEK\\WEB\\k...')
#10 {main}
CRITICAL - 2020-09-08 02:11:07 --> Trying to access array offset on value of type null
#0 D:\PROJEK\WEB\klinik\app\Views\template\admin_temp.php(77): CodeIgniter\Debug\Exceptions->errorHandler(8, 'Trying to acces...', 'D:\\PROJEK\\WEB\\k...', 77, Array)
#1 D:\PROJEK\WEB\klinik\system\View\View.php(246): include('D:\\PROJEK\\WEB\\k...')
#2 D:\PROJEK\WEB\klinik\system\View\View.php(257): CodeIgniter\View\View->render('template/admin_...', Array, true)
#3 D:\PROJEK\WEB\klinik\system\Common.php(1087): CodeIgniter\View\View->render('/backend/instan...', Array, true)
#4 D:\PROJEK\WEB\klinik\app\Controllers\Instansi.php(78): view('/backend/instan...', Array)
#5 D:\PROJEK\WEB\klinik\system\CodeIgniter.php(914): App\Controllers\Instansi->index()
#6 D:\PROJEK\WEB\klinik\system\CodeIgniter.php(400): CodeIgniter\CodeIgniter->runController(Object(App\Controllers\Instansi))
#7 D:\PROJEK\WEB\klinik\system\CodeIgniter.php(308): CodeIgniter\CodeIgniter->handleRequest(NULL, Object(Config\Cache), false)
#8 D:\PROJEK\WEB\klinik\public\index.php(45): CodeIgniter\CodeIgniter->run()
#9 D:\PROJEK\WEB\klinik\system\Commands\Server\rewrite.php(34): require_once('D:\\PROJEK\\WEB\\k...')
#10 {main}
CRITICAL - 2020-09-08 02:11:23 --> Trying to access array offset on value of type null
#0 D:\PROJEK\WEB\klinik\app\Views\template\admin_temp.php(76): CodeIgniter\Debug\Exceptions->errorHandler(8, 'Trying to acces...', 'D:\\PROJEK\\WEB\\k...', 76, Array)
#1 D:\PROJEK\WEB\klinik\system\View\View.php(246): include('D:\\PROJEK\\WEB\\k...')
#2 D:\PROJEK\WEB\klinik\system\View\View.php(257): CodeIgniter\View\View->render('template/admin_...', Array, true)
#3 D:\PROJEK\WEB\klinik\system\Common.php(1087): CodeIgniter\View\View->render('/backend/instan...', Array, true)
#4 D:\PROJEK\WEB\klinik\app\Controllers\Instansi.php(78): view('/backend/instan...', Array)
#5 D:\PROJEK\WEB\klinik\system\CodeIgniter.php(914): App\Controllers\Instansi->index()
#6 D:\PROJEK\WEB\klinik\system\CodeIgniter.php(400): CodeIgniter\CodeIgniter->runController(Object(App\Controllers\Instansi))
#7 D:\PROJEK\WEB\klinik\system\CodeIgniter.php(308): CodeIgniter\CodeIgniter->handleRequest(NULL, Object(Config\Cache), false)
#8 D:\PROJEK\WEB\klinik\public\index.php(45): CodeIgniter\CodeIgniter->run()
#9 D:\PROJEK\WEB\klinik\system\Commands\Server\rewrite.php(34): require_once('D:\\PROJEK\\WEB\\k...')
#10 {main}
CRITICAL - 2020-09-08 02:25:48 --> Undefined variable: instnasi
#0 D:\PROJEK\WEB\klinik\app\Views\template\admin_temp.php(77): CodeIgniter\Debug\Exceptions->errorHandler(8, 'Undefined varia...', 'D:\\PROJEK\\WEB\\k...', 77, Array)
#1 D:\PROJEK\WEB\klinik\system\View\View.php(246): include('D:\\PROJEK\\WEB\\k...')
#2 D:\PROJEK\WEB\klinik\system\View\View.php(257): CodeIgniter\View\View->render('template/admin_...', Array, true)
#3 D:\PROJEK\WEB\klinik\system\Common.php(1087): CodeIgniter\View\View->render('/backend/instan...', Array, true)
#4 D:\PROJEK\WEB\klinik\app\Controllers\Instansi.php(78): view('/backend/instan...', Array)
#5 D:\PROJEK\WEB\klinik\system\CodeIgniter.php(914): App\Controllers\Instansi->index()
#6 D:\PROJEK\WEB\klinik\system\CodeIgniter.php(400): CodeIgniter\CodeIgniter->runController(Object(App\Controllers\Instansi))
#7 D:\PROJEK\WEB\klinik\system\CodeIgniter.php(308): CodeIgniter\CodeIgniter->handleRequest(NULL, Object(Config\Cache), false)
#8 D:\PROJEK\WEB\klinik\public\index.php(45): CodeIgniter\CodeIgniter->run()
#9 D:\PROJEK\WEB\klinik\system\Commands\Server\rewrite.php(34): require_once('D:\\PROJEK\\WEB\\k...')
#10 {main}
CRITICAL - 2020-09-08 02:27:47 --> Undefined variable: namaFile
#0 D:\PROJEK\WEB\klinik\app\Controllers\Image.php(49): CodeIgniter\Debug\Exceptions->errorHandler(8, 'Undefined varia...', 'D:\\PROJEK\\WEB\\k...', 49, Array)
#1 D:\PROJEK\WEB\klinik\app\Controllers\Instansi.php(107): App\Controllers\Image->addGambar(Object(CodeIgniter\HTTP\Files\UploadedFile))
#2 D:\PROJEK\WEB\klinik\system\CodeIgniter.php(914): App\Controllers\Instansi->tambah()
#3 D:\PROJEK\WEB\klinik\system\CodeIgniter.php(400): CodeIgniter\CodeIgniter->runController(Object(App\Controllers\Instansi))
#4 D:\PROJEK\WEB\klinik\system\CodeIgniter.php(308): CodeIgniter\CodeIgniter->handleRequest(NULL, Object(Config\Cache), false)
#5 D:\PROJEK\WEB\klinik\public\index.php(45): CodeIgniter\CodeIgniter->run()
#6 D:\PROJEK\WEB\klinik\system\Commands\Server\rewrite.php(34): require_once('D:\\PROJEK\\WEB\\k...')
#7 {main}
CRITICAL - 2020-09-08 03:51:53 --> Undefined variable: user
#0 D:\PROJEK\WEB\klinik\app\Views\backend\paket.php(62): CodeIgniter\Debug\Exceptions->errorHandler(8, 'Undefined varia...', 'D:\\PROJEK\\WEB\\k...', 62, Array)
#1 D:\PROJEK\WEB\klinik\system\View\View.php(246): include('D:\\PROJEK\\WEB\\k...')
#2 D:\PROJEK\WEB\klinik\system\Common.php(1087): CodeIgniter\View\View->render('backend/paket', Array, true)
#3 D:\PROJEK\WEB\klinik\app\Controllers\Paket.php(22): view('backend/paket', Array)
#4 D:\PROJEK\WEB\klinik\system\CodeIgniter.php(914): App\Controllers\Paket->index()
#5 D:\PROJEK\WEB\klinik\system\CodeIgniter.php(400): CodeIgniter\CodeIgniter->runController(Object(App\Controllers\Paket))
#6 D:\PROJEK\WEB\klinik\system\CodeIgniter.php(308): CodeIgniter\CodeIgniter->handleRequest(NULL, Object(Config\Cache), false)
#7 D:\PROJEK\WEB\klinik\public\index.php(45): CodeIgniter\CodeIgniter->run()
#8 D:\PROJEK\WEB\klinik\system\Commands\Server\rewrite.php(34): require_once('D:\\PROJEK\\WEB\\k...')
#9 {main}
CRITICAL - 2020-09-08 05:20:39 --> syntax error, unexpected end of file
#0 D:\PROJEK\WEB\klinik\system\Common.php(1087): CodeIgniter\View\View->render('backend/paket', Array, true)
#1 D:\PROJEK\WEB\klinik\app\Controllers\Paket.php(22): view('backend/paket', Array)
#2 D:\PROJEK\WEB\klinik\system\CodeIgniter.php(914): App\Controllers\Paket->index()
#3 D:\PROJEK\WEB\klinik\system\CodeIgniter.php(400): CodeIgniter\CodeIgniter->runController(Object(App\Controllers\Paket))
#4 D:\PROJEK\WEB\klinik\system\CodeIgniter.php(308): CodeIgniter\CodeIgniter->handleRequest(NULL, Object(Config\Cache), false)
#5 D:\PROJEK\WEB\klinik\public\index.php(45): CodeIgniter\CodeIgniter->run()
#6 D:\PROJEK\WEB\klinik\system\Commands\Server\rewrite.php(34): require_once('D:\\PROJEK\\WEB\\k...')
#7 {main}
CRITICAL - 2020-09-08 05:21:02 --> Undefined variable: instansi
#0 D:\PROJEK\WEB\klinik\app\Views\backend\paket.php(16): CodeIgniter\Debug\Exceptions->errorHandler(8, 'Undefined varia...', 'D:\\PROJEK\\WEB\\k...', 16, Array)
#1 D:\PROJEK\WEB\klinik\system\View\View.php(246): include('D:\\PROJEK\\WEB\\k...')
#2 D:\PROJEK\WEB\klinik\system\Common.php(1087): CodeIgniter\View\View->render('backend/paket', Array, true)
#3 D:\PROJEK\WEB\klinik\app\Controllers\Paket.php(22): view('backend/paket', Array)
#4 D:\PROJEK\WEB\klinik\system\CodeIgniter.php(914): App\Controllers\Paket->index()
#5 D:\PROJEK\WEB\klinik\system\CodeIgniter.php(400): CodeIgniter\CodeIgniter->runController(Object(App\Controllers\Paket))
#6 D:\PROJEK\WEB\klinik\system\CodeIgniter.php(308): CodeIgniter\CodeIgniter->handleRequest(NULL, Object(Config\Cache), false)
#7 D:\PROJEK\WEB\klinik\public\index.php(45): CodeIgniter\CodeIgniter->run()
#8 D:\PROJEK\WEB\klinik\system\Commands\Server\rewrite.php(34): require_once('D:\\PROJEK\\WEB\\k...')
#9 {main}
CRITICAL - 2020-09-08 18:22:13 --> number_format() expects parameter 1 to be float, string given
#0 [internal function]: CodeIgniter\Debug\Exceptions->errorHandler(2, 'number_format()...', 'D:\\PROJEK\\WEB\\k...', 5, Array)
#1 D:\PROJEK\WEB\klinik\app\Helpers\global_helper.php(5): number_format('hh', 2, ',', '.')
#2 D:\PROJEK\WEB\klinik\app\Views\frontend\index.php(318): rupiah('hh')
#3 D:\PROJEK\WEB\klinik\system\View\View.php(246): include('D:\\PROJEK\\WEB\\k...')
#4 D:\PROJEK\WEB\klinik\system\Common.php(1087): CodeIgniter\View\View->render('frontend/index', Array, true)
#5 D:\PROJEK\WEB\klinik\app\Controllers\Home.php(22): view('frontend/index', Array)
#6 D:\PROJEK\WEB\klinik\system\CodeIgniter.php(914): App\Controllers\Home->index()
#7 D:\PROJEK\WEB\klinik\system\CodeIgniter.php(400): CodeIgniter\CodeIgniter->runController(Object(App\Controllers\Home))
#8 D:\PROJEK\WEB\klinik\system\CodeIgniter.php(308): CodeIgniter\CodeIgniter->handleRequest(NULL, Object(Config\Cache), false)
#9 D:\PROJEK\WEB\klinik\public\index.php(45): CodeIgniter\CodeIgniter->run()
#10 D:\PROJEK\WEB\klinik\system\Commands\Server\rewrite.php(34): require_once('D:\\PROJEK\\WEB\\k...')
#11 {main}
CRITICAL - 2020-09-08 18:39:33 --> Array to string conversion
#0 D:\PROJEK\WEB\klinik\app\Controllers\Paket.php(33): CodeIgniter\Debug\Exceptions->errorHandler(8, 'Array to string...', 'D:\\PROJEK\\WEB\\k...', 33, Array)
#1 D:\PROJEK\WEB\klinik\system\CodeIgniter.php(914): App\Controllers\Paket->jsonRupiah('3')
#2 D:\PROJEK\WEB\klinik\system\CodeIgniter.php(400): CodeIgniter\CodeIgniter->runController(Object(App\Controllers\Paket))
#3 D:\PROJEK\WEB\klinik\system\CodeIgniter.php(308): CodeIgniter\CodeIgniter->handleRequest(NULL, Object(Config\Cache), false)
#4 D:\PROJEK\WEB\klinik\public\index.php(45): CodeIgniter\CodeIgniter->run()
#5 D:\PROJEK\WEB\klinik\system\Commands\Server\rewrite.php(34): require_once('D:\\PROJEK\\WEB\\k...')
#6 {main}
CRITICAL - 2020-09-08 18:41:10 --> Array to string conversion
#0 D:\PROJEK\WEB\klinik\app\Controllers\Paket.php(32): CodeIgniter\Debug\Exceptions->errorHandler(8, 'Array to string...', 'D:\\PROJEK\\WEB\\k...', 32, Array)
#1 D:\PROJEK\WEB\klinik\system\CodeIgniter.php(914): App\Controllers\Paket->jsonRupiah('3')
#2 D:\PROJEK\WEB\klinik\system\CodeIgniter.php(400): CodeIgniter\CodeIgniter->runController(Object(App\Controllers\Paket))
#3 D:\PROJEK\WEB\klinik\system\CodeIgniter.php(308): CodeIgniter\CodeIgniter->handleRequest(NULL, Object(Config\Cache), false)
#4 D:\PROJEK\WEB\klinik\public\index.php(45): CodeIgniter\CodeIgniter->run()
#5 D:\PROJEK\WEB\klinik\system\Commands\Server\rewrite.php(34): require_once('D:\\PROJEK\\WEB\\k...')
#6 {main}
CRITICAL - 2020-09-08 22:01:39 --> Invalid file: {0}
#0 D:\PROJEK\WEB\klinik\system\View\View.php(228): CodeIgniter\Exceptions\FrameworkException::forInvalidFile('/.php')
#1 D:\PROJEK\WEB\klinik\system\Common.php(1087): CodeIgniter\View\View->render('/', Array, true)
#2 D:\PROJEK\WEB\klinik\app\Controllers\Pasien.php(139): view('/', Array)
#3 D:\PROJEK\WEB\klinik\system\CodeIgniter.php(914): App\Controllers\Pasien->add()
#4 D:\PROJEK\WEB\klinik\system\CodeIgniter.php(400): CodeIgniter\CodeIgniter->runController(Object(App\Controllers\Pasien))
#5 D:\PROJEK\WEB\klinik\system\CodeIgniter.php(308): CodeIgniter\CodeIgniter->handleRequest(NULL, Object(Config\Cache), false)
#6 D:\PROJEK\WEB\klinik\public\index.php(45): CodeIgniter\CodeIgniter->run()
#7 D:\PROJEK\WEB\klinik\system\Commands\Server\rewrite.php(34): require_once('D:\\PROJEK\\WEB\\k...')
#8 {main}
CRITICAL - 2020-09-08 22:01:47 --> Invalid file: {0}
#0 D:\PROJEK\WEB\klinik\system\View\View.php(228): CodeIgniter\Exceptions\FrameworkException::forInvalidFile('/.php')
#1 D:\PROJEK\WEB\klinik\system\Common.php(1087): CodeIgniter\View\View->render('/', Array, true)
#2 D:\PROJEK\WEB\klinik\app\Controllers\Pasien.php(139): view('/', Array)
#3 D:\PROJEK\WEB\klinik\system\CodeIgniter.php(914): App\Controllers\Pasien->add()
#4 D:\PROJEK\WEB\klinik\system\CodeIgniter.php(400): CodeIgniter\CodeIgniter->runController(Object(App\Controllers\Pasien))
#5 D:\PROJEK\WEB\klinik\system\CodeIgniter.php(308): CodeIgniter\CodeIgniter->handleRequest(NULL, Object(Config\Cache), false)
#6 D:\PROJEK\WEB\klinik\public\index.php(45): CodeIgniter\CodeIgniter->run()
#7 D:\PROJEK\WEB\klinik\system\Commands\Server\rewrite.php(34): require_once('D:\\PROJEK\\WEB\\k...')
#8 {main}
CRITICAL - 2020-09-08 22:03:56 --> Undefined variable: paket
#0 D:\PROJEK\WEB\klinik\app\Views\frontend\index.php(373): CodeIgniter\Debug\Exceptions->errorHandler(8, 'Undefined varia...', 'D:\\PROJEK\\WEB\\k...', 373, Array)
#1 D:\PROJEK\WEB\klinik\system\View\View.php(246): include('D:\\PROJEK\\WEB\\k...')
#2 D:\PROJEK\WEB\klinik\system\Common.php(1087): CodeIgniter\View\View->render('frontend/index', Array, true)
#3 D:\PROJEK\WEB\klinik\app\Controllers\Pasien.php(139): view('frontend/index', Array)
#4 D:\PROJEK\WEB\klinik\system\CodeIgniter.php(914): App\Controllers\Pasien->add()
#5 D:\PROJEK\WEB\klinik\system\CodeIgniter.php(400): CodeIgniter\CodeIgniter->runController(Object(App\Controllers\Pasien))
#6 D:\PROJEK\WEB\klinik\system\CodeIgniter.php(308): CodeIgniter\CodeIgniter->handleRequest(NULL, Object(Config\Cache), false)
#7 D:\PROJEK\WEB\klinik\public\index.php(45): CodeIgniter\CodeIgniter->run()
#8 D:\PROJEK\WEB\klinik\system\Commands\Server\rewrite.php(34): require_once('D:\\PROJEK\\WEB\\k...')
#9 {main}
CRITICAL - 2020-09-08 22:05:42 --> Undefined property: App\Controllers\Pasien::$pasien
#0 D:\PROJEK\WEB\klinik\app\Controllers\Pasien.php(139): CodeIgniter\Debug\Exceptions->errorHandler(8, 'Undefined prope...', 'D:\\PROJEK\\WEB\\k...', 139, Array)
#1 D:\PROJEK\WEB\klinik\system\CodeIgniter.php(914): App\Controllers\Pasien->add()
#2 D:\PROJEK\WEB\klinik\system\CodeIgniter.php(400): CodeIgniter\CodeIgniter->runController(Object(App\Controllers\Pasien))
#3 D:\PROJEK\WEB\klinik\system\CodeIgniter.php(308): CodeIgniter\CodeIgniter->handleRequest(NULL, Object(Config\Cache), false)
#4 D:\PROJEK\WEB\klinik\public\index.php(45): CodeIgniter\CodeIgniter->run()
#5 D:\PROJEK\WEB\klinik\system\Commands\Server\rewrite.php(34): require_once('D:\\PROJEK\\WEB\\k...')
#6 {main}
CRITICAL - 2020-09-08 22:42:18 --> {0} is not a valid rule.
#0 D:\PROJEK\WEB\klinik\system\Validation\Validation.php(302): CodeIgniter\Validation\Exceptions\ValidationException::forRuleNotFound('number')
#1 D:\PROJEK\WEB\klinik\system\Validation\Validation.php(189): CodeIgniter\Validation\Validation->processRules('kodepos', 'kodepos', '1234123', Array, Array)
#2 D:\PROJEK\WEB\klinik\system\Controller.php(219): CodeIgniter\Validation\Validation->run()
#3 D:\PROJEK\WEB\klinik\app\Controllers\Pasien.php(137): CodeIgniter\Controller->validate(Array)
#4 D:\PROJEK\WEB\klinik\system\CodeIgniter.php(914): App\Controllers\Pasien->add()
#5 D:\PROJEK\WEB\klinik\system\CodeIgniter.php(400): CodeIgniter\CodeIgniter->runController(Object(App\Controllers\Pasien))
#6 D:\PROJEK\WEB\klinik\system\CodeIgniter.php(308): CodeIgniter\CodeIgniter->handleRequest(NULL, Object(Config\Cache), false)
#7 D:\PROJEK\WEB\klinik\public\index.php(45): CodeIgniter\CodeIgniter->run()
#8 D:\PROJEK\WEB\klinik\system\Commands\Server\rewrite.php(34): require_once('D:\\PROJEK\\WEB\\k...')
#9 {main}
