CRITICAL - 2020-09-09 00:22:02 --> {0} is not a valid rule.
#0 D:\PROJEK\WEB\klinik\system\Validation\Validation.php(302): CodeIgniter\Validation\Exceptions\ValidationException::forRuleNotFound('email')
#1 D:\PROJEK\WEB\klinik\system\Validation\Validation.php(189): CodeIgniter\Validation\Validation->processRules('email', 'email', 'asd', Array, Array)
#2 D:\PROJEK\WEB\klinik\system\Controller.php(219): CodeIgniter\Validation\Validation->run()
#3 D:\PROJEK\WEB\klinik\app\Controllers\Pasien.php(140): CodeIgniter\Controller->validate(Array)
#4 D:\PROJEK\WEB\klinik\system\CodeIgniter.php(914): App\Controllers\Pasien->add()
#5 D:\PROJEK\WEB\klinik\system\CodeIgniter.php(400): CodeIgniter\CodeIgniter->runController(Object(App\Controllers\Pasien))
#6 D:\PROJEK\WEB\klinik\system\CodeIgniter.php(308): CodeIgniter\CodeIgniter->handleRequest(NULL, Object(Config\Cache), false)
#7 D:\PROJEK\WEB\klinik\public\index.php(45): CodeIgniter\CodeIgniter->run()
#8 D:\PROJEK\WEB\klinik\system\Commands\Server\rewrite.php(34): require_once('D:\\PROJEK\\WEB\\k...')
#9 {main}
CRITICAL - 2020-09-09 18:52:27 --> Duplicate entry '0' for key 'PRIMARY'
#0 D:\PROJEK\WEB\klinik\system\Database\MySQLi\Connection.php(331): mysqli->query('INSERT INTO `pe...')
#1 D:\PROJEK\WEB\klinik\system\Database\BaseConnection.php(738): CodeIgniter\Database\MySQLi\Connection->execute('INSERT INTO `pe...')
#2 D:\PROJEK\WEB\klinik\system\Database\BaseConnection.php(666): CodeIgniter\Database\BaseConnection->simpleQuery('INSERT INTO `pe...')
#3 D:\PROJEK\WEB\klinik\system\Database\BaseBuilder.php(2234): CodeIgniter\Database\BaseConnection->query('INSERT INTO `pe...', Array, false)
#4 D:\PROJEK\WEB\klinik\system\Model.php(729): CodeIgniter\Database\BaseBuilder->insert()
#5 D:\PROJEK\WEB\klinik\system\Model.php(557): CodeIgniter\Model->insert(Array, false)
#6 D:\PROJEK\WEB\klinik\app\Controllers\Pasien.php(206): CodeIgniter\Model->save(Array)
#7 D:\PROJEK\WEB\klinik\system\CodeIgniter.php(914): App\Controllers\Pasien->addPj()
#8 D:\PROJEK\WEB\klinik\system\CodeIgniter.php(400): CodeIgniter\CodeIgniter->runController(Object(App\Controllers\Pasien))
#9 D:\PROJEK\WEB\klinik\system\CodeIgniter.php(308): CodeIgniter\CodeIgniter->handleRequest(NULL, Object(Config\Cache), false)
#10 D:\PROJEK\WEB\klinik\public\index.php(45): CodeIgniter\CodeIgniter->run()
#11 D:\PROJEK\WEB\klinik\system\Commands\Server\rewrite.php(34): require_once('D:\\PROJEK\\WEB\\k...')
#12 {main}
CRITICAL - 2020-09-09 18:56:55 --> Duplicate entry '0' for key 'PRIMARY'
#0 D:\PROJEK\WEB\klinik\system\Database\MySQLi\Connection.php(331): mysqli->query('INSERT INTO `pe...')
#1 D:\PROJEK\WEB\klinik\system\Database\BaseConnection.php(738): CodeIgniter\Database\MySQLi\Connection->execute('INSERT INTO `pe...')
#2 D:\PROJEK\WEB\klinik\system\Database\BaseConnection.php(666): CodeIgniter\Database\BaseConnection->simpleQuery('INSERT INTO `pe...')
#3 D:\PROJEK\WEB\klinik\system\Database\BaseBuilder.php(2234): CodeIgniter\Database\BaseConnection->query('INSERT INTO `pe...', Array, false)
#4 D:\PROJEK\WEB\klinik\system\Model.php(729): CodeIgniter\Database\BaseBuilder->insert()
#5 D:\PROJEK\WEB\klinik\system\Model.php(557): CodeIgniter\Model->insert(Array, false)
#6 D:\PROJEK\WEB\klinik\app\Controllers\Pasien.php(206): CodeIgniter\Model->save(Array)
#7 D:\PROJEK\WEB\klinik\system\CodeIgniter.php(914): App\Controllers\Pasien->addPj()
#8 D:\PROJEK\WEB\klinik\system\CodeIgniter.php(400): CodeIgniter\CodeIgniter->runController(Object(App\Controllers\Pasien))
#9 D:\PROJEK\WEB\klinik\system\CodeIgniter.php(308): CodeIgniter\CodeIgniter->handleRequest(NULL, Object(Config\Cache), false)
#10 D:\PROJEK\WEB\klinik\public\index.php(45): CodeIgniter\CodeIgniter->run()
#11 D:\PROJEK\WEB\klinik\system\Commands\Server\rewrite.php(34): require_once('D:\\PROJEK\\WEB\\k...')
#12 {main}
